mode: set
github.com/burakkarasel/bookings/cmd/web/main.go:22.13,25.16 2 0
github.com/burakkarasel/bookings/cmd/web/main.go:29.2,38.16 4 0
github.com/burakkarasel/bookings/cmd/web/main.go:25.16,27.3 1 0
github.com/burakkarasel/bookings/cmd/web/main.go:38.16,40.3 1 0
github.com/burakkarasel/bookings/cmd/web/main.go:44.18,61.16 10 1
github.com/burakkarasel/bookings/cmd/web/main.go:65.2,75.12 6 1
github.com/burakkarasel/bookings/cmd/web/main.go:61.16,63.3 1 0
github.com/burakkarasel/bookings/cmd/web/middleware.go:9.45,19.2 3 1
github.com/burakkarasel/bookings/cmd/web/middleware.go:21.50,23.2 1 1
github.com/burakkarasel/bookings/cmd/web/routes.go:11.49,37.2 18 1
