mode: set
github.com/burakkarasel/bookings/internal/handlers/handlers.go:37.62,42.2 1 0
github.com/burakkarasel/bookings/internal/handlers/handlers.go:45.51,50.2 1 1
github.com/burakkarasel/bookings/internal/handlers/handlers.go:53.33,55.2 1 1
github.com/burakkarasel/bookings/internal/handlers/handlers.go:58.70,60.16 2 1
github.com/burakkarasel/bookings/internal/handlers/handlers.go:60.16,63.3 2 0
github.com/burakkarasel/bookings/internal/handlers/handlers.go:67.71,69.16 2 1
github.com/burakkarasel/bookings/internal/handlers/handlers.go:69.16,72.3 2 0
github.com/burakkarasel/bookings/internal/handlers/handlers.go:76.74,78.16 2 1
github.com/burakkarasel/bookings/internal/handlers/handlers.go:78.16,81.3 2 0
github.com/burakkarasel/bookings/internal/handlers/handlers.go:85.72,87.16 2 1
github.com/burakkarasel/bookings/internal/handlers/handlers.go:87.16,90.3 2 0
github.com/burakkarasel/bookings/internal/handlers/handlers.go:94.78,96.16 2 1
github.com/burakkarasel/bookings/internal/handlers/handlers.go:96.16,99.3 2 0
github.com/burakkarasel/bookings/internal/handlers/handlers.go:103.73,105.16 2 1
github.com/burakkarasel/bookings/internal/handlers/handlers.go:105.16,108.3 2 0
github.com/burakkarasel/bookings/internal/handlers/handlers.go:112.81,115.9 2 1
github.com/burakkarasel/bookings/internal/handlers/handlers.go:121.2,123.16 2 1
github.com/burakkarasel/bookings/internal/handlers/handlers.go:129.2,149.16 12 1
github.com/burakkarasel/bookings/internal/handlers/handlers.go:115.9,119.3 3 1
github.com/burakkarasel/bookings/internal/handlers/handlers.go:123.16,127.3 3 1
github.com/burakkarasel/bookings/internal/handlers/handlers.go:149.16,152.3 2 0
github.com/burakkarasel/bookings/internal/handlers/handlers.go:156.82,164.16 5 0
github.com/burakkarasel/bookings/internal/handlers/handlers.go:169.2,171.16 2 0
github.com/burakkarasel/bookings/internal/handlers/handlers.go:176.2,178.16 2 0
github.com/burakkarasel/bookings/internal/handlers/handlers.go:183.2,183.26 1 0
github.com/burakkarasel/bookings/internal/handlers/handlers.go:189.2,202.16 6 0
github.com/burakkarasel/bookings/internal/handlers/handlers.go:164.16,167.3 2 0
github.com/burakkarasel/bookings/internal/handlers/handlers.go:171.16,174.3 2 0
github.com/burakkarasel/bookings/internal/handlers/handlers.go:178.16,181.3 2 0
github.com/burakkarasel/bookings/internal/handlers/handlers.go:183.26,187.3 3 0
github.com/burakkarasel/bookings/internal/handlers/handlers.go:202.16,205.3 2 0
github.com/burakkarasel/bookings/internal/handlers/handlers.go:209.82,217.16 5 0
github.com/burakkarasel/bookings/internal/handlers/handlers.go:222.2,224.16 2 0
github.com/burakkarasel/bookings/internal/handlers/handlers.go:229.2,231.16 2 0
github.com/burakkarasel/bookings/internal/handlers/handlers.go:236.2,238.16 2 0
github.com/burakkarasel/bookings/internal/handlers/handlers.go:243.2,253.16 3 0
github.com/burakkarasel/bookings/internal/handlers/handlers.go:258.2,262.16 4 0
github.com/burakkarasel/bookings/internal/handlers/handlers.go:217.16,220.3 2 0
github.com/burakkarasel/bookings/internal/handlers/handlers.go:224.16,227.3 2 0
github.com/burakkarasel/bookings/internal/handlers/handlers.go:231.16,234.3 2 0
github.com/burakkarasel/bookings/internal/handlers/handlers.go:238.16,241.3 2 0
github.com/burakkarasel/bookings/internal/handlers/handlers.go:253.16,256.3 2 0
github.com/burakkarasel/bookings/internal/handlers/handlers.go:262.16,265.3 2 0
github.com/burakkarasel/bookings/internal/handlers/handlers.go:269.85,272.9 2 1
github.com/burakkarasel/bookings/internal/handlers/handlers.go:277.2,279.16 2 1
github.com/burakkarasel/bookings/internal/handlers/handlers.go:285.2,305.19 14 1
github.com/burakkarasel/bookings/internal/handlers/handlers.go:323.2,325.16 2 1
github.com/burakkarasel/bookings/internal/handlers/handlers.go:333.2,344.16 3 1
github.com/burakkarasel/bookings/internal/handlers/handlers.go:352.2,354.66 2 1
github.com/burakkarasel/bookings/internal/handlers/handlers.go:272.9,276.3 3 1
github.com/burakkarasel/bookings/internal/handlers/handlers.go:279.16,283.3 3 1
github.com/burakkarasel/bookings/internal/handlers/handlers.go:305.19,315.17 5 1
github.com/burakkarasel/bookings/internal/handlers/handlers.go:319.3,319.9 1 1
github.com/burakkarasel/bookings/internal/handlers/handlers.go:315.17,318.4 2 0
github.com/burakkarasel/bookings/internal/handlers/handlers.go:325.16,329.3 3 0
github.com/burakkarasel/bookings/internal/handlers/handlers.go:344.16,348.3 3 0
github.com/burakkarasel/bookings/internal/handlers/handlers.go:359.84,363.9 2 0
github.com/burakkarasel/bookings/internal/handlers/handlers.go:371.2,388.16 10 0
github.com/burakkarasel/bookings/internal/handlers/handlers.go:363.9,368.3 4 0
github.com/burakkarasel/bookings/internal/handlers/handlers.go:388.16,391.3 2 0
github.com/burakkarasel/bookings/internal/handlers/handlers.go:396.76,399.16 2 0
github.com/burakkarasel/bookings/internal/handlers/handlers.go:404.2,406.9 2 0
github.com/burakkarasel/bookings/internal/handlers/handlers.go:411.2,415.63 3 0
github.com/burakkarasel/bookings/internal/handlers/handlers.go:399.16,402.3 2 0
github.com/burakkarasel/bookings/internal/handlers/handlers.go:406.9,409.3 2 0
github.com/burakkarasel/bookings/internal/handlers/handlers.go:420.74,424.16 2 0
github.com/burakkarasel/bookings/internal/handlers/handlers.go:429.2,438.16 6 0
github.com/burakkarasel/bookings/internal/handlers/handlers.go:443.2,445.16 2 0
github.com/burakkarasel/bookings/internal/handlers/handlers.go:450.2,455.16 4 0
github.com/burakkarasel/bookings/internal/handlers/handlers.go:460.2,464.63 3 0
github.com/burakkarasel/bookings/internal/handlers/handlers.go:424.16,427.3 2 0
github.com/burakkarasel/bookings/internal/handlers/handlers.go:438.16,441.3 2 0
github.com/burakkarasel/bookings/internal/handlers/handlers.go:445.16,448.3 2 0
github.com/burakkarasel/bookings/internal/handlers/handlers.go:455.16,458.3 2 0
